<?xml version="1.0" encoding="UTF-8"?>
<!-- Generated by org.testng.reporters.JUnitXMLReporter -->
<testsuite ignored="0" hostname="DESKTOP-FJP42BF" failures="0" tests="8" name="TutorialNinja Test" time="230.784" errors="0" timestamp="2023-10-26T23:21:26 PDT">
  <testcase classname="com.tutorialninja.testcases.RegisterTest" name="verifyRegisterFunctionalitywithManadteryFields" time="5.254"/>
  <testcase classname="com.tutorialninja.testcases.RegisterTest" name="verifyRegisterFunctionalitywithAllFields" time="1.953"/>
  <testcase classname="com.tutorialninja.testcases.LoginTest" name="verifyLoginWithValidCreditionals" time="1.127"/>
  <testcase classname="com.tutorialninja.testcases.LoginTest" name="verifyLoginWithValidCreditionals" time="1.551"/>
  <testcase classname="com.tutorialninja.testcases.LoginTest" name="verifyLoginWithValidCreditionals" time="0.911"/>
  <testcase classname="com.tutorialninja.testcases.LoginTest" name="verifyLoginWithWrongCreditionals" time="1.703"/>
  <testcase classname="com.tutorialninja.testcases.SearchTest" name="serachWithValidProduct" time="0.876"/>
  <testcase classname="com.tutorialninja.testcases.SearchTest" name="serachWithoutEntring" time="0.471"/>
</testsuite> <!-- TutorialNinja Test -->
