<?xml version="1.0" encoding="UTF-8"?>
<!-- Generated by org.testng.reporters.JUnitXMLReporter -->
<testsuite ignored="0" hostname="DESKTOP-FJP42BF" failures="0" tests="2" name="Default test" time="13.475" errors="0" timestamp="2023-10-22T23:04:29 PDT">
  <testcase classname="com.tutorialninja.testcases.Register" name="verifyRegisterFunctionalitywithManadteryFields" time="1.853"/>
  <testcase classname="com.tutorialninja.testcases.Register" name="verifyRegisterFunctionalitywithAllFields" time="1.824"/>
</testsuite> <!-- Default test -->
